[2026-04-26T01:09:02.856Z] GuildMemberRemove:event member=1432574366884827205
[2026-04-26T01:09:02.867Z] sendLeaveLog:start member=1432574366884827205 channel=1465136662714519721
[2026-04-26T01:09:04.550Z] sendLeaveLog:embed-success member=1432574366884827205
[2026-04-26T01:09:04.817Z] GuildMemberRemove:audit member=1432574366884827205 kicked=no
[2026-04-26T01:19:58.581Z] GuildMemberRemove:event member=1432574366884827205
[2026-04-26T01:19:58.582Z] sendLeaveLog:start member=1432574366884827205 channel=1497766585757077674
[2026-04-26T01:19:58.921Z] sendLeaveLog:embed-success member=1432574366884827205
[2026-04-26T01:19:59.161Z] GuildMemberRemove:audit member=1432574366884827205 kicked=no
[2026-04-26T01:23:46.811Z] GuildMemberRemove:event member=1432574366884827205
[2026-04-26T01:23:46.813Z] sendLeaveLog:start member=1432574366884827205 channel=1497766585757077674
[2026-04-26T01:23:47.104Z] sendLeaveLog:embed-success member=1432574366884827205
[2026-04-26T01:23:47.333Z] GuildMemberRemove:audit member=1432574366884827205 kicked=no
[2026-04-26T01:27:15.606Z] GuildMemberRemove:event member=1432574366884827205
[2026-04-26T01:27:15.607Z] sendLeaveLog:start member=1432574366884827205 channel=1497766585757077674
[2026-04-26T01:27:16.253Z] sendLeaveLog:embed-success member=1432574366884827205
[2026-04-26T01:27:16.480Z] GuildMemberRemove:audit member=1432574366884827205 kicked=no
[2026-04-26T01:30:44.413Z] GuildMemberRemove:event member=1432574366884827205
[2026-04-26T01:30:44.414Z] sendLeaveLog:start member=1432574366884827205 channel=1497766585757077674
[2026-04-26T01:30:44.703Z] sendLeaveLog:embed-success member=1432574366884827205
[2026-04-26T01:30:44.946Z] GuildMemberRemove:audit member=1432574366884827205 kicked=no
[2026-04-26T01:35:32.922Z] GuildMemberRemove:event member=1432574366884827205
[2026-04-26T01:35:32.925Z] sendLeaveLog:start member=1432574366884827205 channel=1497766585757077674
[2026-04-26T01:35:33.179Z] sendLeaveLog:embed-success member=1432574366884827205
[2026-04-26T01:35:33.180Z] GuildMemberRemove:watched-role member=1432574366884827205 hasRole=yes
[2026-04-26T01:35:33.717Z] sendLeaveAlert:success member=1432574366884827205 alertRole=1465136661187924105
[2026-04-26T01:35:34.080Z] GuildMemberRemove:audit member=1432574366884827205 kicked=no
[2026-04-26T07:09:25.311Z] GuildMemberRemove:event member=1432574366884827205
[2026-04-26T07:09:25.311Z] sendLeaveLog:start member=1432574366884827205 channel=1497766585757077674
[2026-04-26T07:09:25.541Z] sendLeaveLog:embed-success member=1432574366884827205
[2026-04-26T07:09:25.542Z] GuildMemberRemove:watched-role member=1432574366884827205 hasRole=no
[2026-04-26T07:09:25.765Z] GuildMemberRemove:audit member=1432574366884827205 kicked=no
[2026-04-26T07:09:27.551Z] sendWelcomeDm:success member=1432574366884827205
[2026-04-26T07:12:21.756Z] GuildMemberRemove:event member=1432574366884827205
[2026-04-26T07:12:21.758Z] sendLeaveLog:start member=1432574366884827205 channel=1497766585757077674
[2026-04-26T07:12:21.989Z] sendLeaveLog:embed-success member=1432574366884827205
[2026-04-26T07:12:21.992Z] GuildMemberRemove:watched-role member=1432574366884827205 hasRole=no
[2026-04-26T07:12:22.220Z] GuildMemberRemove:audit member=1432574366884827205 kicked=no
[2026-04-26T07:12:25.915Z] sendWelcomeDm:success member=1432574366884827205
